{"C:\\Users\\galex\\OneDrive - Universidad Tecnológica de Panamá\\2026\\Semestre I\\DS IX\\4. Actividades o Asignaciones\\3. Proyectos\\busway\\be\\utils\\casosPrueba.js": {"path":"C:\\Users\\galex\\OneDrive - Universidad Tecnológica de Panamá\\2026\\Semestre I\\DS IX\\4. Actividades o Asignaciones\\3. Proyectos\\busway\\be\\utils\\casosPrueba.js","statementMap":{"0":{"start":{"line":1,"column":15},"end":{"line":1,"column":32}},"1":{"start":{"line":4,"column":2},"end":{"line":4,"column":64}},"2":{"start":{"line":8,"column":2},"end":{"line":10,"column":3}},"3":{"start":{"line":9,"column":4},"end":{"line":9,"column":57}},"4":{"start":{"line":12,"column":2},"end":{"line":16,"column":4}},"5":{"start":{"line":20,"column":2},"end":{"line":20,"column":29}},"6":{"start":{"line":24,"column":22},"end":{"line":24,"column":63}},"7":{"start":{"line":26,"column":2},"end":{"line":28,"column":3}},"8":{"start":{"line":27,"column":4},"end":{"line":27,"column":48}},"9":{"start":{"line":30,"column":2},"end":{"line":30,"column":21}},"10":{"start":{"line":34,"column":21},"end":{"line":34,"column":67}},"11":{"start":{"line":34,"column":48},"end":{"line":34,"column":66}},"12":{"start":{"line":36,"column":2},"end":{"line":38,"column":3}},"13":{"start":{"line":37,"column":4},"end":{"line":37,"column":46}},"14":{"start":{"line":40,"column":34},"end":{"line":48,"column":4}},"15":{"start":{"line":41,"column":4},"end":{"line":41,"column":40}},"16":{"start":{"line":41,"column":28},"end":{"line":41,"column":40}},"17":{"start":{"line":43,"column":4},"end":{"line":47,"column":6}},"18":{"start":{"line":50,"column":2},"end":{"line":50,"column":68}},"19":{"start":{"line":54,"column":30},"end":{"line":54,"column":83}},"20":{"start":{"line":54,"column":57},"end":{"line":54,"column":82}},"21":{"start":{"line":56,"column":2},"end":{"line":58,"column":3}},"22":{"start":{"line":57,"column":4},"end":{"line":57,"column":75}},"23":{"start":{"line":60,"column":2},"end":{"line":60,"column":14}},"24":{"start":{"line":63,"column":0},"end":{"line":69,"column":2}}},"fnMap":{"0":{"name":"validarNombreHijo","decl":{"start":{"line":3,"column":9},"end":{"line":3,"column":26}},"loc":{"start":{"line":3,"column":35},"end":{"line":5,"column":1}},"line":3},"1":{"name":"registrarHijo","decl":{"start":{"line":7,"column":9},"end":{"line":7,"column":22}},"loc":{"start":{"line":7,"column":31},"end":{"line":17,"column":1}},"line":7},"2":{"name":"generarIdentificadorQR","decl":{"start":{"line":19,"column":9},"end":{"line":19,"column":31}},"loc":{"start":{"line":19,"column":34},"end":{"line":21,"column":1}},"line":19},"3":{"name":"actualizarCupos","decl":{"start":{"line":23,"column":9},"end":{"line":23,"column":24}},"loc":{"start":{"line":23,"column":67},"end":{"line":31,"column":1}},"line":23},"4":{"name":"registrarAsistenciaQR","decl":{"start":{"line":33,"column":9},"end":{"line":33,"column":30}},"loc":{"start":{"line":33,"column":50},"end":{"line":51,"column":1}},"line":33},"5":{"name":"(anonymous_5)","decl":{"start":{"line":34,"column":38},"end":{"line":34,"column":39}},"loc":{"start":{"line":34,"column":48},"end":{"line":34,"column":66}},"line":34},"6":{"name":"(anonymous_6)","decl":{"start":{"line":40,"column":50},"end":{"line":40,"column":51}},"loc":{"start":{"line":40,"column":60},"end":{"line":48,"column":3}},"line":40},"7":{"name":"validarInicioRuta","decl":{"start":{"line":53,"column":9},"end":{"line":53,"column":26}},"loc":{"start":{"line":53,"column":40},"end":{"line":61,"column":1}},"line":53},"8":{"name":"(anonymous_8)","decl":{"start":{"line":54,"column":47},"end":{"line":54,"column":48}},"loc":{"start":{"line":54,"column":57},"end":{"line":54,"column":82}},"line":54}},"branchMap":{"0":{"loc":{"start":{"line":4,"column":9},"end":{"line":4,"column":63}},"type":"binary-expr","locations":[{"start":{"line":4,"column":9},"end":{"line":4,"column":35}},{"start":{"line":4,"column":39},"end":{"line":4,"column":63}}],"line":4},"1":{"loc":{"start":{"line":8,"column":2},"end":{"line":10,"column":3}},"type":"if","locations":[{"start":{"line":8,"column":2},"end":{"line":10,"column":3}},{"start":{},"end":{}}],"line":8},"2":{"loc":{"start":{"line":26,"column":2},"end":{"line":28,"column":3}},"type":"if","locations":[{"start":{"line":26,"column":2},"end":{"line":28,"column":3}},{"start":{},"end":{}}],"line":26},"3":{"loc":{"start":{"line":36,"column":2},"end":{"line":38,"column":3}},"type":"if","locations":[{"start":{"line":36,"column":2},"end":{"line":38,"column":3}},{"start":{},"end":{}}],"line":36},"4":{"loc":{"start":{"line":41,"column":4},"end":{"line":41,"column":40}},"type":"if","locations":[{"start":{"line":41,"column":4},"end":{"line":41,"column":40}},{"start":{},"end":{}}],"line":41},"5":{"loc":{"start":{"line":56,"column":2},"end":{"line":58,"column":3}},"type":"if","locations":[{"start":{"line":56,"column":2},"end":{"line":58,"column":3}},{"start":{},"end":{}}],"line":56}},"s":{"0":1,"1":5,"2":5,"3":2,"4":3,"5":5,"6":2,"7":2,"8":1,"9":1,"10":2,"11":2,"12":2,"13":1,"14":1,"15":2,"16":1,"17":1,"18":1,"19":2,"20":4,"21":2,"22":1,"23":1,"24":1},"f":{"0":5,"1":5,"2":5,"3":2,"4":2,"5":2,"6":2,"7":2,"8":4},"b":{"0":[5,5],"1":[2,3],"2":[1,1],"3":[1,1],"4":[1,1],"5":[1,1]},"_coverageSchema":"1a1c01bbd47fc00a2c39e90264f33305004495a9","hash":"4a6533d30eeac5daa21d3f99c0949bf34ac685a3"}
}
