TN:
SF:utils\casosPrueba.js
FN:3,validarNombreHijo
FN:7,registrarHijo
FN:19,generarIdentificadorQR
FN:23,actualizarCupos
FN:33,registrarAsistenciaQR
FN:34,(anonymous_5)
FN:40,(anonymous_6)
FN:53,validarInicioRuta
FN:54,(anonymous_8)
FNF:9
FNH:9
FNDA:5,validarNombreHijo
FNDA:5,registrarHijo
FNDA:5,generarIdentificadorQR
FNDA:2,actualizarCupos
FNDA:2,registrarAsistenciaQR
FNDA:2,(anonymous_5)
FNDA:2,(anonymous_6)
FNDA:2,validarInicioRuta
FNDA:4,(anonymous_8)
DA:1,1
DA:4,5
DA:8,5
DA:9,2
DA:12,3
DA:20,5
DA:24,2
DA:26,2
DA:27,1
DA:30,1
DA:34,2
DA:36,2
DA:37,1
DA:40,1
DA:41,2
DA:43,1
DA:50,1
DA:54,4
DA:56,2
DA:57,1
DA:60,1
DA:63,1
LF:22
LH:22
BRDA:4,0,0,5
BRDA:4,0,1,5
BRDA:8,1,0,2
BRDA:8,1,1,3
BRDA:26,2,0,1
BRDA:26,2,1,1
BRDA:36,3,0,1
BRDA:36,3,1,1
BRDA:41,4,0,1
BRDA:41,4,1,1
BRDA:56,5,0,1
BRDA:56,5,1,1
BRF:12
BRH:12
end_of_record
